mode: set
/Users/dpalaia/go/src/gpss-rabbit-greenplum-connector/file_utility.go:12.87,17.16 3 0
/Users/dpalaia/go/src/gpss-rabbit-greenplum-connector/file_utility.go:23.2,25.15 2 0
/Users/dpalaia/go/src/gpss-rabbit-greenplum-connector/file_utility.go:17.16,21.3 2 0
/Users/dpalaia/go/src/gpss-rabbit-greenplum-connector/file_utility.go:25.15,43.7 12 0
/Users/dpalaia/go/src/gpss-rabbit-greenplum-connector/file_utility.go:72.3,73.27 2 0
/Users/dpalaia/go/src/gpss-rabbit-greenplum-connector/file_utility.go:43.7,46.32 2 0
/Users/dpalaia/go/src/gpss-rabbit-greenplum-connector/file_utility.go:51.4,51.18 1 0
/Users/dpalaia/go/src/gpss-rabbit-greenplum-connector/file_utility.go:57.4,57.34 1 0
/Users/dpalaia/go/src/gpss-rabbit-greenplum-connector/file_utility.go:66.4,66.18 1 0
/Users/dpalaia/go/src/gpss-rabbit-greenplum-connector/file_utility.go:46.32,49.5 2 0
/Users/dpalaia/go/src/gpss-rabbit-greenplum-connector/file_utility.go:51.18,55.5 3 0
/Users/dpalaia/go/src/gpss-rabbit-greenplum-connector/file_utility.go:57.34,65.5 5 0
/Users/dpalaia/go/src/gpss-rabbit-greenplum-connector/file_utility.go:66.18,68.10 1 0
/Users/dpalaia/go/src/gpss-rabbit-greenplum-connector/file_utility.go:82.71,85.24 2 1
/Users/dpalaia/go/src/gpss-rabbit-greenplum-connector/file_utility.go:88.2,89.16 2 1
/Users/dpalaia/go/src/gpss-rabbit-greenplum-connector/file_utility.go:93.2,96.21 3 1
/Users/dpalaia/go/src/gpss-rabbit-greenplum-connector/file_utility.go:109.2,109.38 1 1
/Users/dpalaia/go/src/gpss-rabbit-greenplum-connector/file_utility.go:114.2,114.20 1 1
/Users/dpalaia/go/src/gpss-rabbit-greenplum-connector/file_utility.go:85.24,87.3 1 0
/Users/dpalaia/go/src/gpss-rabbit-greenplum-connector/file_utility.go:89.16,92.3 2 0
/Users/dpalaia/go/src/gpss-rabbit-greenplum-connector/file_utility.go:96.21,98.52 2 1
/Users/dpalaia/go/src/gpss-rabbit-greenplum-connector/file_utility.go:98.52,99.60 1 1
/Users/dpalaia/go/src/gpss-rabbit-greenplum-connector/file_utility.go:99.60,101.26 2 1
/Users/dpalaia/go/src/gpss-rabbit-greenplum-connector/file_utility.go:104.5,104.24 1 1
/Users/dpalaia/go/src/gpss-rabbit-greenplum-connector/file_utility.go:101.26,103.6 1 1
/Users/dpalaia/go/src/gpss-rabbit-greenplum-connector/file_utility.go:109.38,112.3 2 0
/Users/dpalaia/go/src/gpss-rabbit-greenplum-connector/gpss_utility.go:30.175,43.2 10 1
/Users/dpalaia/go/src/gpss-rabbit-greenplum-connector/gpss_utility.go:45.49,51.16 4 1
/Users/dpalaia/go/src/gpss-rabbit-greenplum-connector/gpss_utility.go:54.2,54.49 1 1
/Users/dpalaia/go/src/gpss-rabbit-greenplum-connector/gpss_utility.go:51.16,53.3 1 0
/Users/dpalaia/go/src/gpss-rabbit-greenplum-connector/gpss_utility.go:58.56,64.16 5 1
/Users/dpalaia/go/src/gpss-rabbit-greenplum-connector/gpss_utility.go:64.16,66.3 1 0
/Users/dpalaia/go/src/gpss-rabbit-greenplum-connector/gpss_utility.go:70.59,75.16 4 1
/Users/dpalaia/go/src/gpss-rabbit-greenplum-connector/gpss_utility.go:75.16,77.3 1 0
/Users/dpalaia/go/src/gpss-rabbit-greenplum-connector/gpss_utility.go:81.57,90.2 4 1
/Users/dpalaia/go/src/gpss-rabbit-greenplum-connector/gpss_utility.go:92.65,98.35 3 1
/Users/dpalaia/go/src/gpss-rabbit-greenplum-connector/gpss_utility.go:103.2,107.16 5 1
/Users/dpalaia/go/src/gpss-rabbit-greenplum-connector/gpss_utility.go:98.35,101.3 1 1
/Users/dpalaia/go/src/gpss-rabbit-greenplum-connector/gpss_utility.go:107.16,109.3 1 0
/Users/dpalaia/go/src/gpss-rabbit-greenplum-connector/gpss_utility.go:113.67,125.21 2 1
/Users/dpalaia/go/src/gpss-rabbit-greenplum-connector/gpss_utility.go:129.2,129.87 1 1
/Users/dpalaia/go/src/gpss-rabbit-greenplum-connector/gpss_utility.go:145.2,145.16 1 1
/Users/dpalaia/go/src/gpss-rabbit-greenplum-connector/gpss_utility.go:125.21,128.3 2 0
/Users/dpalaia/go/src/gpss-rabbit-greenplum-connector/gpss_utility.go:129.87,130.48 1 0
/Users/dpalaia/go/src/gpss-rabbit-greenplum-connector/gpss_utility.go:130.48,132.4 1 0
/Users/dpalaia/go/src/gpss-rabbit-greenplum-connector/gpss_utility.go:132.9,134.4 1 0
/Users/dpalaia/go/src/gpss-rabbit-greenplum-connector/gpss_utility.go:135.8,135.142 1 1
/Users/dpalaia/go/src/gpss-rabbit-greenplum-connector/gpss_utility.go:135.142,136.58 1 0
/Users/dpalaia/go/src/gpss-rabbit-greenplum-connector/gpss_utility.go:136.58,138.4 1 0
/Users/dpalaia/go/src/gpss-rabbit-greenplum-connector/gpss_utility.go:139.8,141.3 1 1
/Users/dpalaia/go/src/gpss-rabbit-greenplum-connector/gpss_utility.go:148.61,159.30 5 1
/Users/dpalaia/go/src/gpss-rabbit-greenplum-connector/gpss_utility.go:178.2,180.16 3 1
/Users/dpalaia/go/src/gpss-rabbit-greenplum-connector/gpss_utility.go:184.2,184.23 1 1
/Users/dpalaia/go/src/gpss-rabbit-greenplum-connector/gpss_utility.go:159.30,166.32 3 1
/Users/dpalaia/go/src/gpss-rabbit-greenplum-connector/gpss_utility.go:172.3,175.47 3 1
/Users/dpalaia/go/src/gpss-rabbit-greenplum-connector/gpss_utility.go:166.32,170.4 1 1
/Users/dpalaia/go/src/gpss-rabbit-greenplum-connector/gpss_utility.go:180.16,182.3 1 0
/Users/dpalaia/go/src/gpss-rabbit-greenplum-connector/gpss_utility.go:187.42,191.16 3 1
/Users/dpalaia/go/src/gpss-rabbit-greenplum-connector/gpss_utility.go:195.2,195.42 1 1
/Users/dpalaia/go/src/gpss-rabbit-greenplum-connector/gpss_utility.go:191.16,193.3 1 0
/Users/dpalaia/go/src/gpss-rabbit-greenplum-connector/rabbit_funcs.go:9.41,10.16 1 1
/Users/dpalaia/go/src/gpss-rabbit-greenplum-connector/rabbit_funcs.go:10.16,12.3 1 0
/Users/dpalaia/go/src/gpss-rabbit-greenplum-connector/rabbit_funcs.go:15.47,25.2 5 1
/Users/dpalaia/go/src/gpss-rabbit-greenplum-connector/rabbit_funcs.go:27.58,38.29 3 1
/Users/dpalaia/go/src/gpss-rabbit-greenplum-connector/rabbit_funcs.go:38.29,55.3 7 1
/Users/dpalaia/go/src/gpss-rabbit-greenplum-connector/rabbit_utility.go:25.137,34.22 8 1
/Users/dpalaia/go/src/gpss-rabbit-greenplum-connector/rabbit_utility.go:43.2,43.15 1 1
/Users/dpalaia/go/src/gpss-rabbit-greenplum-connector/rabbit_utility.go:34.22,38.17 4 0
/Users/dpalaia/go/src/gpss-rabbit-greenplum-connector/rabbit_utility.go:38.17,40.4 1 0
/Users/dpalaia/go/src/gpss-rabbit-greenplum-connector/rabbit_utility.go:46.64,47.16 1 1
/Users/dpalaia/go/src/gpss-rabbit-greenplum-connector/rabbit_utility.go:47.16,49.3 1 0
/Users/dpalaia/go/src/gpss-rabbit-greenplum-connector/rabbit_utility.go:52.67,76.2 9 1
/Users/dpalaia/go/src/gpss-rabbit-greenplum-connector/rabbit_utility.go:78.48,92.12 4 1
/Users/dpalaia/go/src/gpss-rabbit-greenplum-connector/rabbit_utility.go:124.2,126.11 2 1
/Users/dpalaia/go/src/gpss-rabbit-greenplum-connector/rabbit_utility.go:92.12,94.23 2 1
/Users/dpalaia/go/src/gpss-rabbit-greenplum-connector/rabbit_utility.go:94.23,96.24 1 1
/Users/dpalaia/go/src/gpss-rabbit-greenplum-connector/rabbit_utility.go:101.4,104.28 3 1
/Users/dpalaia/go/src/gpss-rabbit-greenplum-connector/rabbit_utility.go:96.24,99.5 1 0
/Users/dpalaia/go/src/gpss-rabbit-greenplum-connector/rabbit_utility.go:104.28,108.25 4 1
/Users/dpalaia/go/src/gpss-rabbit-greenplum-connector/rabbit_utility.go:112.5,115.22 3 1
/Users/dpalaia/go/src/gpss-rabbit-greenplum-connector/rabbit_utility.go:108.25,111.6 1 0
/Users/dpalaia/go/src/gpss-rabbit-greenplum-connector/rabbit_utility.go:115.22,117.6 1 1
/Users/dpalaia/go/src/gpss-rabbit-greenplum-connector/rabbit_utility.go:130.57,138.2 4 0
/Users/dpalaia/go/src/gpss-rabbit-greenplum-connector/rabbit_utility.go:140.44,144.2 1 0
/Users/dpalaia/go/src/gpss-rabbit-greenplum-connector/test_utility.go:19.34,33.2 6 1
/Users/dpalaia/go/src/gpss-rabbit-greenplum-connector/test_utility.go:35.57,43.2 4 1
/Users/dpalaia/go/src/gpss-rabbit-greenplum-connector/test_utility.go:45.42,64.56 10 1
/Users/dpalaia/go/src/gpss-rabbit-greenplum-connector/test_utility.go:68.2,70.92 2 1
/Users/dpalaia/go/src/gpss-rabbit-greenplum-connector/test_utility.go:74.2,74.14 1 1
/Users/dpalaia/go/src/gpss-rabbit-greenplum-connector/test_utility.go:64.56,66.3 1 0
/Users/dpalaia/go/src/gpss-rabbit-greenplum-connector/test_utility.go:70.92,72.3 1 0
/Users/dpalaia/go/src/gpss-rabbit-greenplum-connector/connector.go:9.13,30.15 11 0
/Users/dpalaia/go/src/gpss-rabbit-greenplum-connector/connector.go:35.2,39.22 4 0
/Users/dpalaia/go/src/gpss-rabbit-greenplum-connector/connector.go:30.15,33.3 2 0
